Starting Orchetration
Creating cold container: 592.758ms
npm install offline: 1.881s
Orchetration Complete: coldMitigation_node_4f165c67-60f2-464d-bd1a-8e499a6084a0 cold
sleeping for: 7809
Starting Orchetration
Orchetration Complete: coldMitigation_node_4f165c67-60f2-464d-bd1a-8e499a6084a0 warm
sleeping for: 8048
Starting Orchetration
Orchetration Complete: coldMitigation_node_4f165c67-60f2-464d-bd1a-8e499a6084a0 warm
sleeping for: 3956
Starting Orchetration
Orchetration Complete: coldMitigation_node_4f165c67-60f2-464d-bd1a-8e499a6084a0 warm
sleeping for: 7469
Starting Orchetration
Orchetration Complete: coldMitigation_node_4f165c67-60f2-464d-bd1a-8e499a6084a0 warm
sleeping for: 7483
Starting Orchetration
Orchetration Complete: coldMitigation_node_4f165c67-60f2-464d-bd1a-8e499a6084a0 warm
sleeping for: 8187
Starting Orchetration
Orchetration Complete: coldMitigation_node_4f165c67-60f2-464d-bd1a-8e499a6084a0 warm
sleeping for: 8306
Starting Orchetration
Orchetration Complete: coldMitigation_node_4f165c67-60f2-464d-bd1a-8e499a6084a0 warm
sleeping for: 7551
Starting Orchetration
Orchetration Complete: coldMitigation_node_4f165c67-60f2-464d-bd1a-8e499a6084a0 warm
sleeping for: 7359
Starting Orchetration
Orchetration Complete: coldMitigation_node_4f165c67-60f2-464d-bd1a-8e499a6084a0 warm
sleeping for: 7552
Starting Orchetration
Orchetration Complete: coldMitigation_node_4f165c67-60f2-464d-bd1a-8e499a6084a0 warm
sleeping for: 7600
Starting Orchetration
Orchetration Complete: coldMitigation_node_4f165c67-60f2-464d-bd1a-8e499a6084a0 warm
sleeping for: 7247
Starting Orchetration
Orchetration Complete: coldMitigation_node_4f165c67-60f2-464d-bd1a-8e499a6084a0 warm
sleeping for: 6747
Starting Orchetration
Orchetration Complete: coldMitigation_node_4f165c67-60f2-464d-bd1a-8e499a6084a0 warm
sleeping for: 7633
Starting Orchetration
Orchetration Complete: coldMitigation_node_4f165c67-60f2-464d-bd1a-8e499a6084a0 warm
sleeping for: 7976
Starting Orchetration
Orchetration Complete: coldMitigation_node_4f165c67-60f2-464d-bd1a-8e499a6084a0 warm
sleeping for: 8229
Starting Orchetration
Orchetration Complete: coldMitigation_node_4f165c67-60f2-464d-bd1a-8e499a6084a0 warm
sleeping for: 8769
Starting Orchetration
Orchetration Complete: coldMitigation_node_4f165c67-60f2-464d-bd1a-8e499a6084a0 warm
sleeping for: 8254
Starting Orchetration
Orchetration Complete: coldMitigation_node_4f165c67-60f2-464d-bd1a-8e499a6084a0 warm
sleeping for: 8309
Starting Orchetration
Orchetration Complete: coldMitigation_node_4f165c67-60f2-464d-bd1a-8e499a6084a0 warm
sleeping for: 8062
Starting Orchetration
Orchetration Complete: coldMitigation_node_4f165c67-60f2-464d-bd1a-8e499a6084a0 warm
sleeping for: 2051
Starting Orchetration
Orchetration Complete: coldMitigation_node_4f165c67-60f2-464d-bd1a-8e499a6084a0 warm
sleeping for: 6488
Starting Orchetration
Orchetration Complete: coldMitigation_node_4f165c67-60f2-464d-bd1a-8e499a6084a0 warm
sleeping for: 7100
Starting Orchetration
Orchetration Complete: coldMitigation_node_4f165c67-60f2-464d-bd1a-8e499a6084a0 warm
sleeping for: 3407
Starting Orchetration
Orchetration Complete: coldMitigation_node_4f165c67-60f2-464d-bd1a-8e499a6084a0 warm
sleeping for: 5264
Starting Orchetration
Orchetration Complete: coldMitigation_node_4f165c67-60f2-464d-bd1a-8e499a6084a0 warm
sleeping for: 5868
Starting Orchetration
Orchetration Complete: coldMitigation_node_4f165c67-60f2-464d-bd1a-8e499a6084a0 warm
sleeping for: 7499
Starting Orchetration
Orchetration Complete: coldMitigation_node_4f165c67-60f2-464d-bd1a-8e499a6084a0 warm
sleeping for: 7386
Starting Orchetration
Orchetration Complete: coldMitigation_node_4f165c67-60f2-464d-bd1a-8e499a6084a0 warm
sleeping for: 7047
Starting Orchetration
Orchetration Complete: coldMitigation_node_4f165c67-60f2-464d-bd1a-8e499a6084a0 warm
sleeping for: 7065
Starting Orchetration
Orchetration Complete: coldMitigation_node_4f165c67-60f2-464d-bd1a-8e499a6084a0 warm
sleeping for: 7724
Starting Orchetration
Orchetration Complete: coldMitigation_node_4f165c67-60f2-464d-bd1a-8e499a6084a0 warm
sleeping for: 8378
Starting Orchetration
Orchetration Complete: coldMitigation_node_4f165c67-60f2-464d-bd1a-8e499a6084a0 warm
sleeping for: 8094
Starting Orchetration
Orchetration Complete: coldMitigation_node_4f165c67-60f2-464d-bd1a-8e499a6084a0 warm
sleeping for: 2178
Starting Orchetration
Orchetration Complete: coldMitigation_node_4f165c67-60f2-464d-bd1a-8e499a6084a0 warm
sleeping for: 6627
Starting Orchetration
Orchetration Complete: coldMitigation_node_4f165c67-60f2-464d-bd1a-8e499a6084a0 warm
sleeping for: 7124
Starting Orchetration
Orchetration Complete: coldMitigation_node_4f165c67-60f2-464d-bd1a-8e499a6084a0 warm
sleeping for: 7746
Starting Orchetration
Orchetration Complete: coldMitigation_node_4f165c67-60f2-464d-bd1a-8e499a6084a0 warm
sleeping for: 7833
Starting Orchetration
Orchetration Complete: coldMitigation_node_4f165c67-60f2-464d-bd1a-8e499a6084a0 warm
sleeping for: 5457
Starting Orchetration
Orchetration Complete: coldMitigation_node_4f165c67-60f2-464d-bd1a-8e499a6084a0 warm
sleeping for: 7278
